<?xml version="1.0" encoding="UTF-8"?>
<!-- Generated by org.testng.reporters.JUnitXMLReporter -->
<testsuite ignored="0" hostname="METHRE" failures="0" tests="3" name="Default test" time="4.005" errors="0" timestamp="2023-11-03T16:28:06 IST">
  <testcase classname="filesPayload.DynamicJson" name="addBook" time="3.403"/>
  <testcase classname="filesPayload.DynamicJson" name="addBook" time="0.258"/>
  <testcase classname="filesPayload.DynamicJson" name="addBook" time="0.247"/>
</testsuite> <!-- Default test -->
