<?xml version="1.0" encoding="UTF-8"?>
<testng-results ignored="0" total="3" passed="3" failed="0" skipped="0">
  <reporter-output>
  </reporter-output>
  <suite started-at="2023-11-03T16:28:02 IST" name="Default suite" finished-at="2023-11-03T16:28:06 IST" duration-ms="4005">
    <groups>
    </groups>
    <test started-at="2023-11-03T16:28:02 IST" name="Default test" finished-at="2023-11-03T16:28:06 IST" duration-ms="4005">
      <class name="filesPayload.DynamicJson">
        <test-method signature="addBook(java.lang.String,java.lang.String)[pri:0, instance:filesPayload.DynamicJson@21e360a]" started-at="2023-11-03T16:28:02 IST" name="addBook" data-provider="BooksData" finished-at="2023-11-03T16:28:06 IST" duration-ms="3403" status="PASS">
          <params>
            <param index="0">
              <value>
                <![CDATA[hsgah]]>
              </value>
            </param>
            <param index="1">
              <value>
                <![CDATA[9363]]>
              </value>
            </param>
          </params>
          <reporter-output>
          </reporter-output>
        </test-method> <!-- addBook -->
        <test-method signature="addBook(java.lang.String,java.lang.String)[pri:0, instance:filesPayload.DynamicJson@21e360a]" started-at="2023-11-03T16:28:06 IST" name="addBook" data-provider="BooksData" finished-at="2023-11-03T16:28:06 IST" duration-ms="258" status="PASS">
          <params>
            <param index="0">
              <value>
                <![CDATA[ahsj]]>
              </value>
            </param>
            <param index="1">
              <value>
                <![CDATA[4253]]>
              </value>
            </param>
          </params>
          <reporter-output>
          </reporter-output>
        </test-method> <!-- addBook -->
        <test-method signature="addBook(java.lang.String,java.lang.String)[pri:0, instance:filesPayload.DynamicJson@21e360a]" started-at="2023-11-03T16:28:06 IST" name="addBook" data-provider="BooksData" finished-at="2023-11-03T16:28:06 IST" duration-ms="247" status="PASS">
          <params>
            <param index="0">
              <value>
                <![CDATA[ashgd]]>
              </value>
            </param>
            <param index="1">
              <value>
                <![CDATA[533]]>
              </value>
            </param>
          </params>
          <reporter-output>
          </reporter-output>
        </test-method> <!-- addBook -->
      </class> <!-- filesPayload.DynamicJson -->
    </test> <!-- Default test -->
  </suite> <!-- Default suite -->
</testng-results>
